Traceback (most recent call last):
  File "/usr/local/lib/python3.9/site-packages/jupyter_cache/executors/utils.py", line 51, in single_nb_execution
    executenb(
  File "/usr/local/lib/python3.9/site-packages/nbclient/client.py", line 1093, in execute
    return NotebookClient(nb=nb, resources=resources, km=km, **kwargs).execute()
  File "/usr/local/lib/python3.9/site-packages/nbclient/util.py", line 84, in wrapped
    return just_run(coro(*args, **kwargs))
  File "/usr/local/lib/python3.9/site-packages/nbclient/util.py", line 62, in just_run
    return loop.run_until_complete(coro)
  File "/usr/local/Cellar/python@3.9/3.9.18/Frameworks/Python.framework/Versions/3.9/lib/python3.9/asyncio/base_events.py", line 647, in run_until_complete
    return future.result()
  File "/usr/local/lib/python3.9/site-packages/nbclient/client.py", line 559, in async_execute
    await self.async_execute_cell(
  File "/usr/local/lib/python3.9/site-packages/nbclient/client.py", line 854, in async_execute_cell
    self._check_raise_for_error(cell, exec_reply)
  File "/usr/local/lib/python3.9/site-packages/nbclient/client.py", line 756, in _check_raise_for_error
    raise CellExecutionError.from_cell_and_msg(cell, exec_reply_content)
nbclient.exceptions.CellExecutionError: An error occurred while executing the following cell:
------------------
from sklearn.cluster import KMeans
n_samples = 500
blobs = make_blobs(n_samples=n_samples, random_state=8)


# Nuages de points allongés
random_state = 170
X, y = make_blobs(n_samples=n_samples, random_state=random_state)
transformation = [[0.6, -0.6], [-0.5, 0.8]]
X = np.dot(X, transformation)

fig, axes = plt.subplots(1, 2, figsize=(6, 3))
for ax, model in zip(axes, [GaussianMixture(n_components=3), KMeans(n_clusters=3)]):
    model.fit(X)
    ax.scatter(X[:, 0], X[:, 1], c=plt.cm.Accent(model.predict(X)), alpha=.6)
    ax.set_xticks(())
    ax.set_yticks(())
    ax.set_title(type(model).__name__)
plt.tight_layout()
------------------

[0;31m---------------------------------------------------------------------------[0m
[0;31mNameError[0m                                 Traceback (most recent call last)
Input [0;32mIn [10][0m, in [0;36m<module>[0;34m[0m
[1;32m     10[0m X [38;5;241m=[39m np[38;5;241m.[39mdot(X, transformation)
[1;32m     12[0m fig, axes [38;5;241m=[39m plt[38;5;241m.[39msubplots([38;5;241m1[39m, [38;5;241m2[39m, figsize[38;5;241m=[39m([38;5;241m6[39m, [38;5;241m3[39m))
[0;32m---> 13[0m [38;5;28;01mfor[39;00m ax, model [38;5;129;01min[39;00m [38;5;28mzip[39m(axes, [[43mGaussianMixture[49m(n_components[38;5;241m=[39m[38;5;241m3[39m), KMeans(n_clusters[38;5;241m=[39m[38;5;241m3[39m)]):
[1;32m     14[0m     model[38;5;241m.[39mfit(X)
[1;32m     15[0m     ax[38;5;241m.[39mscatter(X[:, [38;5;241m0[39m], X[:, [38;5;241m1[39m], c[38;5;241m=[39mplt[38;5;241m.[39mcm[38;5;241m.[39mAccent(model[38;5;241m.[39mpredict(X)), alpha[38;5;241m=[39m[38;5;241m.6[39m)

[0;31mNameError[0m: name 'GaussianMixture' is not defined
NameError: name 'GaussianMixture' is not defined

