Traceback (most recent call last):
  File "/usr/local/lib/python3.9/site-packages/jupyter_cache/executors/utils.py", line 51, in single_nb_execution
    executenb(
  File "/usr/local/lib/python3.9/site-packages/nbclient/client.py", line 1093, in execute
    return NotebookClient(nb=nb, resources=resources, km=km, **kwargs).execute()
  File "/usr/local/lib/python3.9/site-packages/nbclient/util.py", line 84, in wrapped
    return just_run(coro(*args, **kwargs))
  File "/usr/local/lib/python3.9/site-packages/nbclient/util.py", line 62, in just_run
    return loop.run_until_complete(coro)
  File "/usr/local/Cellar/python@3.9/3.9.13/Frameworks/Python.framework/Versions/3.9/lib/python3.9/asyncio/base_events.py", line 647, in run_until_complete
    return future.result()
  File "/usr/local/lib/python3.9/site-packages/nbclient/client.py", line 559, in async_execute
    await self.async_execute_cell(
  File "/usr/local/lib/python3.9/site-packages/nbclient/client.py", line 854, in async_execute_cell
    self._check_raise_for_error(cell, exec_reply)
  File "/usr/local/lib/python3.9/site-packages/nbclient/client.py", line 756, in _check_raise_for_error
    raise CellExecutionError.from_cell_and_msg(cell, exec_reply_content)
nbclient.exceptions.CellExecutionError: An error occurred while executing the following cell:
------------------
import matplotlib.pyplot as plt 
import math
N=41 
n=[]
P=[]
t=1

for j in range(1,N):
    n.append(j)
    t=t*(1-(j-1)/365) 
    P.append(t*100) 
plt.figure()
plt.subplot(211)
plt.plot(n,P,color='red',label='proba dates differentes')
plt.plot(n,P,'k+'')
plt.xlabel('n')
plt.ylabel('P')
plt.title('probleme des anniversaires')
plt.grid(True)
plt.legend()
plt.subplot(212)
plt.plot(n,Q,color='red',label='proba dates differentes')
plt.plot(n,P,'k+')
plt.xlim(15,25)
plt.ylim(40,70)
plt.ylabel('P') 
plt.grid(True) 
plt.legend()
plt.show()
------------------

[0;36m  Input [0;32mIn [1][0;36m[0m
[0;31m    plt.plot(n,P,'k+'')[0m
[0m                       ^[0m
[0;31mSyntaxError[0m[0;31m:[0m EOL while scanning string literal

SyntaxError: EOL while scanning string literal (<ipython-input-1-8f98151d4709>, line 15)

