Traceback (most recent call last):
  File "/Users/vibarra/Documents/Cours/FISA/envbook/lib/python3.9/site-packages/jupyter_cache/executors/utils.py", line 51, in single_nb_execution
    executenb(
  File "/Users/vibarra/Documents/Cours/FISA/envbook/lib/python3.9/site-packages/nbclient/client.py", line 1204, in execute
    return NotebookClient(nb=nb, resources=resources, km=km, **kwargs).execute()
  File "/Users/vibarra/Documents/Cours/FISA/envbook/lib/python3.9/site-packages/nbclient/util.py", line 84, in wrapped
    return just_run(coro(*args, **kwargs))
  File "/Users/vibarra/Documents/Cours/FISA/envbook/lib/python3.9/site-packages/nbclient/util.py", line 62, in just_run
    return loop.run_until_complete(coro)
  File "/opt/homebrew/Cellar/python@3.9/3.9.10/Frameworks/Python.framework/Versions/3.9/lib/python3.9/asyncio/base_events.py", line 642, in run_until_complete
    return future.result()
  File "/Users/vibarra/Documents/Cours/FISA/envbook/lib/python3.9/site-packages/nbclient/client.py", line 663, in async_execute
    await self.async_execute_cell(
  File "/Users/vibarra/Documents/Cours/FISA/envbook/lib/python3.9/site-packages/nbclient/client.py", line 965, in async_execute_cell
    await self._check_raise_for_error(cell, cell_index, exec_reply)
  File "/Users/vibarra/Documents/Cours/FISA/envbook/lib/python3.9/site-packages/nbclient/client.py", line 862, in _check_raise_for_error
    raise CellExecutionError.from_cell_and_msg(cell, exec_reply_content)
nbclient.exceptions.CellExecutionError: An error occurred while executing the following cell:
------------------
import numpy as np
import matplotlib.pyplot as plt
import pandas as pd 

pd.options.mode.chained_assignment = None

# Données
vins = pd.read_csv("./data/vins.csv",delimiter=",",header=None)
cat_vins = vins.loc[: , 0]
X = vins.loc[:,1:vins.shape[1]]
X = np.array(X)
n,p = X.shape
ind = np.arange(n)
variables = ['% alcool', 'acide malique', 'cendres', 'alcalinité', 'magnésium', 'phénols' , 
                'flavonoïdes', 'non flavanoïdes', 'proanthocyanidines', 'couleur', 'teinte', 
                'OD280/OD315','proline']

# Affichage d'un tableau
def print_tab (n, p, ind, tab):
    r = " " * 12 + "\t"
    c = ['CP'+str(i+1) for i in range(p)]
    for j in range(p - 1):
        r += c[j] + "\t"
    r += c[p - 1] + " \n"
    for i in range(n):
        r += "  %8.8s\t" % ind[i]
        for j in range(p - 1):
            r += "%.2f \t" % tab[i][j]
        r += "%.2f\n" % tab[i][p - 1]
    return r
------------------

[0;31m---------------------------------------------------------------------------[0m
[0;31mModuleNotFoundError[0m                       Traceback (most recent call last)
Cell [0;32mIn [1], line 3[0m
[1;32m      1[0m [38;5;28;01mimport[39;00m [38;5;21;01mnumpy[39;00m [38;5;28;01mas[39;00m [38;5;21;01mnp[39;00m
[1;32m      2[0m [38;5;28;01mimport[39;00m [38;5;21;01mmatplotlib[39;00m[38;5;21;01m.[39;00m[38;5;21;01mpyplot[39;00m [38;5;28;01mas[39;00m [38;5;21;01mplt[39;00m
[0;32m----> 3[0m [38;5;28;01mimport[39;00m [38;5;21;01mpandas[39;00m [38;5;28;01mas[39;00m [38;5;21;01mpd[39;00m 
[1;32m      5[0m pd[38;5;241m.[39moptions[38;5;241m.[39mmode[38;5;241m.[39mchained_assignment [38;5;241m=[39m [38;5;28;01mNone[39;00m
[1;32m      7[0m [38;5;66;03m# Données[39;00m

[0;31mModuleNotFoundError[0m: No module named 'pandas'
ModuleNotFoundError: No module named 'pandas'

