Traceback (most recent call last):
  File "/Users/vibarra/Documents/Cours/FISA/envbook/lib/python3.8/site-packages/jupyter_cache/executors/utils.py", line 51, in single_nb_execution
    executenb(
  File "/Users/vibarra/Documents/Cours/FISA/envbook/lib/python3.8/site-packages/nbclient/client.py", line 1204, in execute
    return NotebookClient(nb=nb, resources=resources, km=km, **kwargs).execute()
  File "/Users/vibarra/Documents/Cours/FISA/envbook/lib/python3.8/site-packages/nbclient/util.py", line 84, in wrapped
    return just_run(coro(*args, **kwargs))
  File "/Users/vibarra/Documents/Cours/FISA/envbook/lib/python3.8/site-packages/nbclient/util.py", line 62, in just_run
    return loop.run_until_complete(coro)
  File "/Library/Developer/CommandLineTools/Library/Frameworks/Python3.framework/Versions/3.8/lib/python3.8/asyncio/base_events.py", line 616, in run_until_complete
    return future.result()
  File "/Users/vibarra/Documents/Cours/FISA/envbook/lib/python3.8/site-packages/nbclient/client.py", line 663, in async_execute
    await self.async_execute_cell(
  File "/Users/vibarra/Documents/Cours/FISA/envbook/lib/python3.8/site-packages/nbclient/client.py", line 965, in async_execute_cell
    await self._check_raise_for_error(cell, cell_index, exec_reply)
  File "/Users/vibarra/Documents/Cours/FISA/envbook/lib/python3.8/site-packages/nbclient/client.py", line 862, in _check_raise_for_error
    raise CellExecutionError.from_cell_and_msg(cell, exec_reply_content)
nbclient.exceptions.CellExecutionError: An error occurred while executing the following cell:
------------------
import numpy as np
import matplotlib.pyplot as plt
X = np.loadtxt("./data/data.csv", delimiter=",")[:,1]

def annotate_boxplot(bpdict,
                     x_offset=0.05, x_loc=0,
                     text_offset_x=35,
                     text_offset_y=20):
 
    annotate_params = dict(xytext=(text_offset_x, text_offset_y), textcoords='offset points', arrowprops={'arrowstyle':'->'})

    plt.annotate('Median', (x_loc + 1 + x_offset, bpdict['medians'][x_loc].get_ydata()[0]), **annotate_params)
    plt.annotate('25%', (x_loc + 1 + x_offset, bpdict['boxes'][x_loc].get_ydata()[0]), **annotate_params)
    plt.annotate('75%', (x_loc + 1 + x_offset, bpdict['boxes'][x_loc].get_ydata()[2]), **annotate_params)
    plt.annotate('5%', (x_loc + 1 + x_offset, bpdict['caps'][x_loc*2].get_ydata()[0]), **annotate_params)
    plt.annotate('95%', (x_loc + 1 + x_offset, bpdict['caps'][(x_loc*2)+1].get_ydata()[0]), **annotate_params)

plt.figure(figsize=(14,8))
a = plt.boxplot(x=X)
annotate_boxplot(a,x_loc=1)
plt.tight_layout()
plt.show()

------------------

[0;31m---------------------------------------------------------------------------[0m
[0;31mIndexError[0m                                Traceback (most recent call last)
Input [0;32mIn [5][0m, in [0;36m<cell line: 20>[0;34m()[0m
[1;32m     18[0m plt[38;5;241m.[39mfigure(figsize[38;5;241m=[39m([38;5;241m14[39m,[38;5;241m8[39m))
[1;32m     19[0m a [38;5;241m=[39m plt[38;5;241m.[39mboxplot(x[38;5;241m=[39mX)
[0;32m---> 20[0m [43mannotate_boxplot[49m[43m([49m[43ma[49m[43m,[49m[43mx_loc[49m[38;5;241;43m=[39;49m[38;5;241;43m1[39;49m[43m)[49m
[1;32m     21[0m plt[38;5;241m.[39mtight_layout()
[1;32m     22[0m plt[38;5;241m.[39mshow()

Input [0;32mIn [5][0m, in [0;36mannotate_boxplot[0;34m(bpdict, x_offset, x_loc, text_offset_x, text_offset_y)[0m
[1;32m      5[0m [38;5;28;01mdef[39;00m [38;5;21mannotate_boxplot[39m(bpdict,
[1;32m      6[0m                      x_offset[38;5;241m=[39m[38;5;241m0.05[39m, x_loc[38;5;241m=[39m[38;5;241m0[39m,
[1;32m      7[0m                      text_offset_x[38;5;241m=[39m[38;5;241m35[39m,
[1;32m      8[0m                      text_offset_y[38;5;241m=[39m[38;5;241m20[39m):
[1;32m     10[0m     annotate_params [38;5;241m=[39m [38;5;28mdict[39m(xytext[38;5;241m=[39m(text_offset_x, text_offset_y), textcoords[38;5;241m=[39m[38;5;124m'[39m[38;5;124moffset points[39m[38;5;124m'[39m, arrowprops[38;5;241m=[39m{[38;5;124m'[39m[38;5;124marrowstyle[39m[38;5;124m'[39m:[38;5;124m'[39m[38;5;124m->[39m[38;5;124m'[39m})
[0;32m---> 12[0m     plt[38;5;241m.[39mannotate([38;5;124m'[39m[38;5;124mMedian[39m[38;5;124m'[39m, (x_loc [38;5;241m+[39m [38;5;241m1[39m [38;5;241m+[39m x_offset, [43mbpdict[49m[43m[[49m[38;5;124;43m'[39;49m[38;5;124;43mmedians[39;49m[38;5;124;43m'[39;49m[43m][49m[43m[[49m[43mx_loc[49m[43m][49m[38;5;241m.[39mget_ydata()[[38;5;241m0[39m]), [38;5;241m*[39m[38;5;241m*[39mannotate_params)
[1;32m     13[0m     plt[38;5;241m.[39mannotate([38;5;124m'[39m[38;5;124m25[39m[38;5;124m%[39m[38;5;124m'[39m, (x_loc [38;5;241m+[39m [38;5;241m1[39m [38;5;241m+[39m x_offset, bpdict[[38;5;124m'[39m[38;5;124mboxes[39m[38;5;124m'[39m][x_loc][38;5;241m.[39mget_ydata()[[38;5;241m0[39m]), [38;5;241m*[39m[38;5;241m*[39mannotate_params)
[1;32m     14[0m     plt[38;5;241m.[39mannotate([38;5;124m'[39m[38;5;124m75[39m[38;5;124m%[39m[38;5;124m'[39m, (x_loc [38;5;241m+[39m [38;5;241m1[39m [38;5;241m+[39m x_offset, bpdict[[38;5;124m'[39m[38;5;124mboxes[39m[38;5;124m'[39m][x_loc][38;5;241m.[39mget_ydata()[[38;5;241m2[39m]), [38;5;241m*[39m[38;5;241m*[39mannotate_params)

[0;31mIndexError[0m: list index out of range
IndexError: list index out of range

