Traceback (most recent call last):
  File "/usr/local/lib/python3.9/site-packages/jupyter_cache/executors/utils.py", line 58, in single_nb_execution
    executenb(
  File "/usr/local/lib/python3.9/site-packages/nbclient/client.py", line 1093, in execute
    return NotebookClient(nb=nb, resources=resources, km=km, **kwargs).execute()
  File "/usr/local/lib/python3.9/site-packages/nbclient/util.py", line 84, in wrapped
    return just_run(coro(*args, **kwargs))
  File "/usr/local/lib/python3.9/site-packages/nbclient/util.py", line 62, in just_run
    return loop.run_until_complete(coro)
  File "/usr/local/Cellar/python@3.9/3.9.18/Frameworks/Python.framework/Versions/3.9/lib/python3.9/asyncio/base_events.py", line 647, in run_until_complete
    return future.result()
  File "/usr/local/lib/python3.9/site-packages/nbclient/client.py", line 559, in async_execute
    await self.async_execute_cell(
  File "/usr/local/lib/python3.9/site-packages/nbclient/client.py", line 854, in async_execute_cell
    self._check_raise_for_error(cell, exec_reply)
  File "/usr/local/lib/python3.9/site-packages/nbclient/client.py", line 756, in _check_raise_for_error
    raise CellExecutionError.from_cell_and_msg(cell, exec_reply_content)
nbclient.exceptions.CellExecutionError: An error occurred while executing the following cell:
------------------
def calcul_inertie_somme (Y, M):
    inertie = 0
    for i in range(n):
        inertie += np.matmul(np.transpose(Y[i]), np.matmul(M, Y[i])) 
    return inertie / n
    
def calcul_inertie_trace (V, M):
    return np.trace (np.matmul (V, M))

# Si les données sont centrées mais pas encore réduites  on travaille avec Y et V
M = np.matmul(D_sigma, D_sigma)
print (calcul_inertie_somme(Y, M))
print (calcul_inertie_trace(V, M))

# Si les données sont centrées réduites, on travaille avec Z et R
M = np.identity(p)
print (calcul_inertie_somme(Z, M))
print (calcul_inertie_trace(R, M))
------------------

[0;31m---------------------------------------------------------------------------[0m
[0;31mNameError[0m                                 Traceback (most recent call last)
Input [0;32mIn [6][0m, in [0;36m<module>[0;34m[0m
[1;32m     13[0m [38;5;28mprint[39m (calcul_inertie_trace(V, M))
[1;32m     15[0m [38;5;66;03m# Si les données sont centrées réduites, on travaille avec Z et R[39;00m
[0;32m---> 16[0m M [38;5;241m=[39m np[38;5;241m.[39midentity([43mp[49m)
[1;32m     17[0m [38;5;28mprint[39m (calcul_inertie_somme(Z, M))
[1;32m     18[0m [38;5;28mprint[39m (calcul_inertie_trace(R, M))

[0;31mNameError[0m: name 'p' is not defined
NameError: name 'p' is not defined

