Traceback (most recent call last):
  File "/usr/local/lib/python3.12/site-packages/jupyter_cache/executors/utils.py", line 58, in single_nb_execution
    executenb(
  File "/usr/local/lib/python3.12/site-packages/nbclient/client.py", line 1314, in execute
    return NotebookClient(nb=nb, resources=resources, km=km, **kwargs).execute()
           ^^^^^^^^^^^^^^^^^^^^^^^^^^^^^^^^^^^^^^^^^^^^^^^^^^^^^^^^^^^^^^^^^^^^^
  File "/usr/local/lib/python3.12/site-packages/jupyter_core/utils/__init__.py", line 165, in wrapped
    return loop.run_until_complete(inner)
           ^^^^^^^^^^^^^^^^^^^^^^^^^^^^^^
  File "/usr/local/Cellar/python@3.12/3.12.7_1/Frameworks/Python.framework/Versions/3.12/lib/python3.12/asyncio/base_events.py", line 687, in run_until_complete
    return future.result()
           ^^^^^^^^^^^^^^^
  File "/usr/local/lib/python3.12/site-packages/nbclient/client.py", line 709, in async_execute
    await self.async_execute_cell(
  File "/usr/local/lib/python3.12/site-packages/nbclient/client.py", line 1062, in async_execute_cell
    await self._check_raise_for_error(cell, cell_index, exec_reply)
  File "/usr/local/lib/python3.12/site-packages/nbclient/client.py", line 918, in _check_raise_for_error
    raise CellExecutionError.from_cell_and_msg(cell, exec_reply_content)
nbclient.exceptions.CellExecutionError: An error occurred while executing the following cell:
------------------
from sklearn.mixture import GaussianMixture
import matplotlib.pyplot as plt
import matplotlib
def Ellipses(gmm, ax):
    for n in range(gmm.n_components):
        if gmm.covariance_type == 'full':
            covariances = gmm.covariances_[n]
        elif gmm.covariance_type == 'diag':
            covariances = np.diag(gmm.covariances_[n])
        elif gmm.covariance_type == 'tied':
            covariances = gmm.covariances_
        elif gmm.covariance_type == 'spherical':
            covariances = np.eye(gmm.means_.shape[1]) * gmm.covariances_[n]

        v, w = np.linalg.eigh(covariances)
        u = w[0] / np.linalg.norm(w[0])
        angle = 180 * np.arctan2(u[1], u[0]) / np.pi
        v = 2. * np.sqrt(2.) * np.sqrt(v)
        ell = matplotlib.patches.Ellipse(gmm.means_[n], v[0], v[1],
                                  180 + angle, color=plt.cm.tab20(n))
        ell.set_clip_box(ax.bbox)
        ell.set_alpha(0.3)
        ax.add_artist(ell)

rnd = np.random.RandomState(4)

# Données
A = rnd.normal(size=(40, 2)) + rnd.normal(scale=10, size=(1, 2))
B = rnd.normal(scale=(1, 5), size=(30, 2)) + rnd.normal(scale=(15, 1), size=(1, 2))
C = np.dot(rnd.normal(scale=(1, 2), size=(40, 2)), [[1, -1], [1, 1]]) + rnd.normal(scale=(10, 1), size=(1, 2))

X = np.vstack([A, B, C])

gmm = [GaussianMixture(n_components=3, covariance_type=cov_type, max_iter=20, random_state=0)
              for cov_type in ['spherical', 'diag', 'tied', 'full']]

n_estimators = len(gmm)

fig, axes = plt.subplots(1, 4, figsize=(15, 10))
titles = ("Sphérique", "Diagonale","Partagée", "Générale")

for ax, title, gmmi in zip(axes, titles, gmm):
    gmmi.fit(X)
    Ellipses(gmmi, ax)
    pred = gmmi.predict(X)    
    ax.scatter(X[:, 0], X[:, 1], c=plt.cm.Accent(pred))

    ax.set_xticks(())
    ax.set_yticks(())
    ax.set_title(title)
    ax.set_aspect("equal")
plt.tight_layout()
------------------


[0;31m---------------------------------------------------------------------------[0m
[0;31mTypeError[0m                                 Traceback (most recent call last)
Cell [0;32mIn[11], line 44[0m
[1;32m     42[0m [38;5;28;01mfor[39;00m ax, title, gmmi [38;5;129;01min[39;00m [38;5;28mzip[39m(axes, titles, gmm):
[1;32m     43[0m     gmmi[38;5;241m.[39mfit(X)
[0;32m---> 44[0m     [43mEllipses[49m[43m([49m[43mgmmi[49m[43m,[49m[43m [49m[43max[49m[43m)[49m
[1;32m     45[0m     pred [38;5;241m=[39m gmmi[38;5;241m.[39mpredict(X)    
[1;32m     46[0m     ax[38;5;241m.[39mscatter(X[:, [38;5;241m0[39m], X[:, [38;5;241m1[39m], c[38;5;241m=[39mplt[38;5;241m.[39mcm[38;5;241m.[39mAccent(pred))

Cell [0;32mIn[11], line 19[0m, in [0;36mEllipses[0;34m(gmm, ax)[0m
[1;32m     17[0m angle [38;5;241m=[39m [38;5;241m180[39m [38;5;241m*[39m np[38;5;241m.[39marctan2(u[[38;5;241m1[39m], u[[38;5;241m0[39m]) [38;5;241m/[39m np[38;5;241m.[39mpi
[1;32m     18[0m v [38;5;241m=[39m [38;5;241m2.[39m [38;5;241m*[39m np[38;5;241m.[39msqrt([38;5;241m2.[39m) [38;5;241m*[39m np[38;5;241m.[39msqrt(v)
[0;32m---> 19[0m ell [38;5;241m=[39m [43mmatplotlib[49m[38;5;241;43m.[39;49m[43mpatches[49m[38;5;241;43m.[39;49m[43mEllipse[49m[43m([49m[43mgmm[49m[38;5;241;43m.[39;49m[43mmeans_[49m[43m[[49m[43mn[49m[43m][49m[43m,[49m[43m [49m[43mv[49m[43m[[49m[38;5;241;43m0[39;49m[43m][49m[43m,[49m[43m [49m[43mv[49m[43m[[49m[38;5;241;43m1[39;49m[43m][49m[43m,[49m
[1;32m     20[0m [43m                          [49m[38;5;241;43m180[39;49m[43m [49m[38;5;241;43m+[39;49m[43m [49m[43mangle[49m[43m,[49m[43m [49m[43mcolor[49m[38;5;241;43m=[39;49m[43mplt[49m[38;5;241;43m.[39;49m[43mcm[49m[38;5;241;43m.[39;49m[43mtab20[49m[43m([49m[43mn[49m[43m)[49m[43m)[49m
[1;32m     21[0m ell[38;5;241m.[39mset_clip_box(ax[38;5;241m.[39mbbox)
[1;32m     22[0m ell[38;5;241m.[39mset_alpha([38;5;241m0.3[39m)

[0;31mTypeError[0m: Ellipse.__init__() takes 4 positional arguments but 5 were given

