Traceback (most recent call last):
  File "/usr/local/lib/python3.9/site-packages/jupyter_cache/executors/utils.py", line 51, in single_nb_execution
    executenb(
  File "/usr/local/lib/python3.9/site-packages/nbclient/client.py", line 1093, in execute
    return NotebookClient(nb=nb, resources=resources, km=km, **kwargs).execute()
  File "/usr/local/lib/python3.9/site-packages/nbclient/util.py", line 84, in wrapped
    return just_run(coro(*args, **kwargs))
  File "/usr/local/lib/python3.9/site-packages/nbclient/util.py", line 62, in just_run
    return loop.run_until_complete(coro)
  File "/usr/local/Cellar/python@3.9/3.9.13/Frameworks/Python.framework/Versions/3.9/lib/python3.9/asyncio/base_events.py", line 647, in run_until_complete
    return future.result()
  File "/usr/local/lib/python3.9/site-packages/nbclient/client.py", line 559, in async_execute
    await self.async_execute_cell(
  File "/usr/local/lib/python3.9/site-packages/nbclient/client.py", line 854, in async_execute_cell
    self._check_raise_for_error(cell, exec_reply)
  File "/usr/local/lib/python3.9/site-packages/nbclient/client.py", line 756, in _check_raise_for_error
    raise CellExecutionError.from_cell_and_msg(cell, exec_reply_content)
nbclient.exceptions.CellExecutionError: An error occurred while executing the following cell:
------------------
from sklearn.cluster import KMeans

model = KMeans(n_clusters=nb_classes,n_init=10)
    
plt.figure(figsize=(12,6))
plt.subplot(121)
plt.scatter(X[:, 0], X[:, 1],c=y, s=30,linewidths=0,cmap=plt.cm.rainbow)
plt.title("Vraies classes")
plt.tick_params(labelbottom=False)
plt.tick_params(labelleft=False)
plt.subplot(122)
model.fit(X)
plt.scatter(X[:, 0], X[:, 1], c=model.labels_, s=30,linewidths=0, cmap=plt.cm.rainbow)
plt.title("K means à {0:d} classes".format(nb_classes))
plt.tick_params(labelbottom=False)
plt.tick_params(labelleft=False)
plt.tight_layout() 
``





































 

  



------------------

[0;36m  Input [0;32mIn [6][0;36m[0m
[0;31m    ``[0m
[0m    ^[0m
[0;31mSyntaxError[0m[0;31m:[0m invalid syntax

SyntaxError: invalid syntax (<ipython-input-6-45c731a3c4ac>, line 18)

