Traceback (most recent call last):
  File "/Users/vibarra/Venv/lib/python3.9/site-packages/jupyter_cache/executors/utils.py", line 58, in single_nb_execution
    executenb(
  File "/Users/vibarra/Venv/lib/python3.9/site-packages/nbclient/client.py", line 1314, in execute
    return NotebookClient(nb=nb, resources=resources, km=km, **kwargs).execute()
  File "/Users/vibarra/Venv/lib/python3.9/site-packages/jupyter_core/utils/__init__.py", line 165, in wrapped
    return loop.run_until_complete(inner)
  File "/opt/homebrew/Cellar/python@3.9/3.9.21/Frameworks/Python.framework/Versions/3.9/lib/python3.9/asyncio/base_events.py", line 647, in run_until_complete
    return future.result()
  File "/Users/vibarra/Venv/lib/python3.9/site-packages/nbclient/client.py", line 709, in async_execute
    await self.async_execute_cell(
  File "/Users/vibarra/Venv/lib/python3.9/site-packages/nbclient/client.py", line 1062, in async_execute_cell
    await self._check_raise_for_error(cell, cell_index, exec_reply)
  File "/Users/vibarra/Venv/lib/python3.9/site-packages/nbclient/client.py", line 918, in _check_raise_for_error
    raise CellExecutionError.from_cell_and_msg(cell, exec_reply_content)
nbclient.exceptions.CellExecutionError: An error occurred while executing the following cell:
------------------
alpha = 0.05
tstat = st.t.ppf([alpha/2,1-alpha/2], len(x)-2)            
b1_lower,b1_upper = b1 + tstat*std_err 

plt.scatter(x, y, color = 'b',label='Données',zorder=10)
plt.plot(dX, b0 + pente*dX, 'black', label='Modèle linéaire')
plt.plot(dX, b0 + b1_upper*dX, 'black',ls='--',lw=1,label=r'alpha = ' + str(alpha) + ' Intervalle de confiance')
plt.plot(dX, b0 + b1_lower*dX, 'black',ls='--',lw=1)
plt.annotate('Paramètre du modèle, intervalles de confiance à ' + str(1-alpha),[1.3,24])
plt.annotate('Intervalle de pente : ' + str(np.round(IC_pente,2)),[1.5,23])
plt.fill_between(dX,b0 + b1_upper*dX,b0 + b1_lower*dX,color='red',alpha=0.3,zorder=1)
plt.xlabel(r'x'); plt.ylabel('y')
plt.legend(loc='best'); plt.ylim([ymin,ymax]); plt.xlim([xmin,xmax])
plt.subplots_adjust(left=0.0, bottom=0.0, right=1.0, top=1.1, wspace=0.1, hspace=0.2); 
plt.tight_layout()
------------------


[0;31m---------------------------------------------------------------------------[0m
[0;31mNameError[0m                                 Traceback (most recent call last)
Cell [0;32mIn[8], line 6[0m
[1;32m      3[0m b1_lower,b1_upper [38;5;241m=[39m b1 [38;5;241m+[39m tstat[38;5;241m*[39mstd_err 
[1;32m      5[0m plt[38;5;241m.[39mscatter(x, y, color [38;5;241m=[39m [38;5;124m'[39m[38;5;124mb[39m[38;5;124m'[39m,label[38;5;241m=[39m[38;5;124m'[39m[38;5;124mDonnées[39m[38;5;124m'[39m,zorder[38;5;241m=[39m[38;5;241m10[39m)
[0;32m----> 6[0m plt[38;5;241m.[39mplot(dX, b0 [38;5;241m+[39m [43mpente[49m[38;5;241m*[39mdX, [38;5;124m'[39m[38;5;124mblack[39m[38;5;124m'[39m, label[38;5;241m=[39m[38;5;124m'[39m[38;5;124mModèle linéaire[39m[38;5;124m'[39m)
[1;32m      7[0m plt[38;5;241m.[39mplot(dX, b0 [38;5;241m+[39m b1_upper[38;5;241m*[39mdX, [38;5;124m'[39m[38;5;124mblack[39m[38;5;124m'[39m,ls[38;5;241m=[39m[38;5;124m'[39m[38;5;124m--[39m[38;5;124m'[39m,lw[38;5;241m=[39m[38;5;241m1[39m,label[38;5;241m=[39m[38;5;124mr[39m[38;5;124m'[39m[38;5;124malpha = [39m[38;5;124m'[39m [38;5;241m+[39m [38;5;28mstr[39m(alpha) [38;5;241m+[39m [38;5;124m'[39m[38;5;124m Intervalle de confiance[39m[38;5;124m'[39m)
[1;32m      8[0m plt[38;5;241m.[39mplot(dX, b0 [38;5;241m+[39m b1_lower[38;5;241m*[39mdX, [38;5;124m'[39m[38;5;124mblack[39m[38;5;124m'[39m,ls[38;5;241m=[39m[38;5;124m'[39m[38;5;124m--[39m[38;5;124m'[39m,lw[38;5;241m=[39m[38;5;241m1[39m)

[0;31mNameError[0m: name 'pente' is not defined

