Traceback (most recent call last):
  File "/Users/vibarra/Documents/Cours/FISA/envbook/lib/python3.8/site-packages/jupyter_cache/executors/utils.py", line 51, in single_nb_execution
    executenb(
  File "/Users/vibarra/Documents/Cours/FISA/envbook/lib/python3.8/site-packages/nbclient/client.py", line 1204, in execute
    return NotebookClient(nb=nb, resources=resources, km=km, **kwargs).execute()
  File "/Users/vibarra/Documents/Cours/FISA/envbook/lib/python3.8/site-packages/nbclient/util.py", line 84, in wrapped
    return just_run(coro(*args, **kwargs))
  File "/Users/vibarra/Documents/Cours/FISA/envbook/lib/python3.8/site-packages/nbclient/util.py", line 62, in just_run
    return loop.run_until_complete(coro)
  File "/Library/Developer/CommandLineTools/Library/Frameworks/Python3.framework/Versions/3.8/lib/python3.8/asyncio/base_events.py", line 616, in run_until_complete
    return future.result()
  File "/Users/vibarra/Documents/Cours/FISA/envbook/lib/python3.8/site-packages/nbclient/client.py", line 663, in async_execute
    await self.async_execute_cell(
  File "/Users/vibarra/Documents/Cours/FISA/envbook/lib/python3.8/site-packages/nbclient/client.py", line 965, in async_execute_cell
    await self._check_raise_for_error(cell, cell_index, exec_reply)
  File "/Users/vibarra/Documents/Cours/FISA/envbook/lib/python3.8/site-packages/nbclient/client.py", line 862, in _check_raise_for_error
    raise CellExecutionError.from_cell_and_msg(cell, exec_reply_content)
nbclient.exceptions.CellExecutionError: An error occurred while executing the following cell:
------------------
import numpy as np
import matplotlib.pyplot as plt
X = np.loadtxt("./data/data.csv", delimiter=",")[:,1]

def max_dev(X):
    m = np.mean(X)
    return max(abs(x - m) for x in X)

def mad(X):
    m = np.mean(X)
    return sum(abs(x - m) for x in X) / float(len(X))

def sigma(X):
    m = np.mean(X)
    return math.pow(sum((x - m)**2 for x in X) / len(X), 0.5)

def IQR(X): return np.percentile(X,75) - np.percentile(X,25)

plt.figure(figsize=(18,6))
sns.rugplot(X, color='grey', height=0.5)
m = np.mean(X)
for method, pos,style,  in ((max_dev,0.5,'r'),(mad,0.6,'b'),(sigma,0.7,'g'),(IQR,0.8,'y')):
    s=method(X)
    print (method.__name__, " : ",m, "+/-",s)
    plt.plot([m,m],[0,1],'black' )
    plt.plot([m-s,m-s],[0,1],style,label=method.__name__)
    plt.plot([m+s,m+s],[0,1],style)
    plt.plot([m-s,m+s],[pos,pos],style)
plt.legend()
plt.tight_layout()

------------------

[0;31m---------------------------------------------------------------------------[0m
[0;31mNameError[0m                                 Traceback (most recent call last)
Input [0;32mIn [4][0m, in [0;36m<cell line: 20>[0;34m()[0m
[1;32m     17[0m [38;5;28;01mdef[39;00m [38;5;21mIQR[39m(X): [38;5;28;01mreturn[39;00m np[38;5;241m.[39mpercentile(X,[38;5;241m75[39m) [38;5;241m-[39m np[38;5;241m.[39mpercentile(X,[38;5;241m25[39m)
[1;32m     19[0m plt[38;5;241m.[39mfigure(figsize[38;5;241m=[39m([38;5;241m18[39m,[38;5;241m6[39m))
[0;32m---> 20[0m [43msns[49m[38;5;241m.[39mrugplot(X, color[38;5;241m=[39m[38;5;124m'[39m[38;5;124mgrey[39m[38;5;124m'[39m, height[38;5;241m=[39m[38;5;241m0.5[39m)
[1;32m     21[0m m [38;5;241m=[39m np[38;5;241m.[39mmean(X)
[1;32m     22[0m [38;5;28;01mfor[39;00m method, pos,style,  [38;5;129;01min[39;00m ((max_dev,[38;5;241m0.5[39m,[38;5;124m'[39m[38;5;124mr[39m[38;5;124m'[39m),(mad,[38;5;241m0.6[39m,[38;5;124m'[39m[38;5;124mb[39m[38;5;124m'[39m),(sigma,[38;5;241m0.7[39m,[38;5;124m'[39m[38;5;124mg[39m[38;5;124m'[39m),(IQR,[38;5;241m0.8[39m,[38;5;124m'[39m[38;5;124my[39m[38;5;124m'[39m)):

[0;31mNameError[0m: name 'sns' is not defined
NameError: name 'sns' is not defined

