Traceback (most recent call last):
  File "/usr/local/lib/python3.9/site-packages/jupyter_cache/executors/utils.py", line 51, in single_nb_execution
    executenb(
  File "/usr/local/lib/python3.9/site-packages/nbclient/client.py", line 1093, in execute
    return NotebookClient(nb=nb, resources=resources, km=km, **kwargs).execute()
  File "/usr/local/lib/python3.9/site-packages/nbclient/util.py", line 84, in wrapped
    return just_run(coro(*args, **kwargs))
  File "/usr/local/lib/python3.9/site-packages/nbclient/util.py", line 62, in just_run
    return loop.run_until_complete(coro)
  File "/usr/local/Cellar/python@3.9/3.9.13/Frameworks/Python.framework/Versions/3.9/lib/python3.9/asyncio/base_events.py", line 647, in run_until_complete
    return future.result()
  File "/usr/local/lib/python3.9/site-packages/nbclient/client.py", line 559, in async_execute
    await self.async_execute_cell(
  File "/usr/local/lib/python3.9/site-packages/nbclient/client.py", line 854, in async_execute_cell
    self._check_raise_for_error(cell, exec_reply)
  File "/usr/local/lib/python3.9/site-packages/nbclient/client.py", line 756, in _check_raise_for_error
    raise CellExecutionError.from_cell_and_msg(cell, exec_reply_content)
nbclient.exceptions.CellExecutionError: An error occurred while executing the following cell:
------------------
X=np.loadtxt('./bivariee.txt',delimiter=',')
plt.figure(figsize=(12,8))

plt.subplot(2,2,2)
plt.plot(X[:,0],X[:,1],'ob')
plt.axis([0,1,0,2])
plt.title('Nuage de points')
plt.xlabel('X')
plt.ylabel('Y')

plt.subplot(4,2,6)
plt.subplots_adjust(hspace=0.4, wspace=0.3)
plt.boxplot(X[:,0],0,'+',0)
plt.axis([0,1,0.75,1.25])
plt.title('Boite à moustache pour X')

plt.subplot(2,4,2)
plt.boxplot(X[:,1],0,'+',1)
a = plt.axis()
plt.axis([a[0], a[1], 0, 2])
plt.title('Boite à moustache pour Y')
plt.show()
------------------

[0;31m---------------------------------------------------------------------------[0m
[0;31mFileNotFoundError[0m                         Traceback (most recent call last)
Input [0;32mIn [10][0m, in [0;36m<module>[0;34m[0m
[0;32m----> 1[0m X[38;5;241m=[39m[43mnp[49m[38;5;241;43m.[39;49m[43mloadtxt[49m[43m([49m[38;5;124;43m'[39;49m[38;5;124;43m./bivariee.txt[39;49m[38;5;124;43m'[39;49m[43m,[49m[43mdelimiter[49m[38;5;241;43m=[39;49m[38;5;124;43m'[39;49m[38;5;124;43m,[39;49m[38;5;124;43m'[39;49m[43m)[49m
[1;32m      2[0m plt[38;5;241m.[39mfigure(figsize[38;5;241m=[39m([38;5;241m12[39m,[38;5;241m8[39m))
[1;32m      4[0m plt[38;5;241m.[39msubplot([38;5;241m2[39m,[38;5;241m2[39m,[38;5;241m2[39m)

File [0;32m/usr/local/lib/python3.9/site-packages/numpy/lib/npyio.py:1042[0m, in [0;36mloadtxt[0;34m(fname, dtype, comments, delimiter, converters, skiprows, usecols, unpack, ndmin, encoding, max_rows, like)[0m
[1;32m   1040[0m     fname [38;5;241m=[39m os_fspath(fname)
[1;32m   1041[0m [38;5;28;01mif[39;00m _is_string_like(fname):
[0;32m-> 1042[0m     fh [38;5;241m=[39m [43mnp[49m[38;5;241;43m.[39;49m[43mlib[49m[38;5;241;43m.[39;49m[43m_datasource[49m[38;5;241;43m.[39;49m[43mopen[49m[43m([49m[43mfname[49m[43m,[49m[43m [49m[38;5;124;43m'[39;49m[38;5;124;43mrt[39;49m[38;5;124;43m'[39;49m[43m,[49m[43m [49m[43mencoding[49m[38;5;241;43m=[39;49m[43mencoding[49m[43m)[49m
[1;32m   1043[0m     fencoding [38;5;241m=[39m [38;5;28mgetattr[39m(fh, [38;5;124m'[39m[38;5;124mencoding[39m[38;5;124m'[39m, [38;5;124m'[39m[38;5;124mlatin1[39m[38;5;124m'[39m)
[1;32m   1044[0m     line_iter [38;5;241m=[39m [38;5;28miter[39m(fh)

File [0;32m/usr/local/lib/python3.9/site-packages/numpy/lib/_datasource.py:193[0m, in [0;36mopen[0;34m(path, mode, destpath, encoding, newline)[0m
[1;32m    156[0m [38;5;124;03m"""[39;00m
[1;32m    157[0m [38;5;124;03mOpen `path` with `mode` and return the file object.[39;00m
[1;32m    158[0m 
[0;32m   (...)[0m
[1;32m    189[0m 
[1;32m    190[0m [38;5;124;03m"""[39;00m
[1;32m    192[0m ds [38;5;241m=[39m DataSource(destpath)
[0;32m--> 193[0m [38;5;28;01mreturn[39;00m [43mds[49m[38;5;241;43m.[39;49m[43mopen[49m[43m([49m[43mpath[49m[43m,[49m[43m [49m[43mmode[49m[43m,[49m[43m [49m[43mencoding[49m[38;5;241;43m=[39;49m[43mencoding[49m[43m,[49m[43m [49m[43mnewline[49m[38;5;241;43m=[39;49m[43mnewline[49m[43m)[49m

File [0;32m/usr/local/lib/python3.9/site-packages/numpy/lib/_datasource.py:532[0m, in [0;36mDataSource.open[0;34m(self, path, mode, encoding, newline)[0m
[1;32m    529[0m     [38;5;28;01mreturn[39;00m _file_openers[ext](found, mode[38;5;241m=[39mmode,
[1;32m    530[0m                               encoding[38;5;241m=[39mencoding, newline[38;5;241m=[39mnewline)
[1;32m    531[0m [38;5;28;01melse[39;00m:
[0;32m--> 532[0m     [38;5;28;01mraise[39;00m [38;5;167;01mFileNotFoundError[39;00m([38;5;124mf[39m[38;5;124m"[39m[38;5;132;01m{[39;00mpath[38;5;132;01m}[39;00m[38;5;124m not found.[39m[38;5;124m"[39m)

[0;31mFileNotFoundError[0m: ./bivariee.txt not found.
FileNotFoundError: ./bivariee.txt not found.

