\BOOKMARK [0][-]{chapter.1}{\376\377\000E\000l\000\351\000m\000e\000n\000t\000s\000\040\000d\000e\000\040\000v\000o\000c\000a\000b\000u\000l\000a\000i\000r\000e}{}% 1
\BOOKMARK [0][-]{chapter.2}{\376\377\000P\000r\000o\000b\000a\000b\000i\000l\000i\000t\000\351\000s\000\040\000e\000t\000\040\000s\000t\000a\000t\000i\000s\000t\000i\000q\000u\000e\000s}{}% 2
\BOOKMARK [1][-]{section.2.1}{\376\377\000A\000p\000p\000r\000o\000c\000h\000e\000\040\000f\000r\000\351\000q\000u\000e\000n\000t\000i\000s\000t\000e}{chapter.2}% 3
\BOOKMARK [1][-]{section.2.2}{\376\377\000A\000p\000p\000r\000o\000c\000h\000e\000\040\000b\000a\000y\000\351\000s\000i\000e\000n\000n\000e}{chapter.2}% 4
\BOOKMARK [0][-]{chapter.3}{\376\377\000D\000\351\000m\000a\000r\000c\000h\000e\000\040\000g\000\351\000n\000\351\000r\000a\000l\000e}{}% 5
\BOOKMARK [0][-]{chapter.4}{\376\377\000R\000a\000p\000p\000e\000l\000s\000\040\000d\000e\000\040\000p\000r\000o\000b\000a\000b\000i\000l\000i\000t\000\351}{}% 6
\BOOKMARK [1][-]{section.4.1}{\376\377\000E\000x\000p\000\351\000r\000i\000e\000n\000c\000e\000\040\000a\000l\000\351\000a\000t\000o\000i\000r\000e}{chapter.4}% 7
\BOOKMARK [2][-]{subsection.4.1.1}{\376\377\000D\000\351\000f\000i\000n\000i\000t\000i\000o\000n\000s}{section.4.1}% 8
\BOOKMARK [2][-]{subsection.4.1.2}{\376\377\000N\000o\000t\000a\000t\000i\000o\000n\000\040\000e\000t\000\040\000o\000p\000\351\000r\000a\000t\000i\000o\000n\000s\000\040\000s\000u\000r\000\040\000l\000e\000s\000\040\000\351\000v\000\350\000n\000e\000m\000e\000n\000t\000s}{section.4.1}% 9
\BOOKMARK [1][-]{section.4.2}{\376\377\000P\000r\000o\000b\000a\000b\000i\000l\000i\000t\000\351\000s}{chapter.4}% 10
\BOOKMARK [2][-]{subsection.4.2.1}{\376\377\000O\000b\000j\000e\000c\000t\000i\000f}{section.4.2}% 11
\BOOKMARK [2][-]{subsection.4.2.2}{\376\377\000P\000r\000o\000b\000a\000b\000i\000l\000i\000t\000\351}{section.4.2}% 12
\BOOKMARK [2][-]{subsection.4.2.3}{\376\377\000C\000o\000n\000d\000i\000t\000i\000o\000n\000n\000e\000m\000e\000n\000t}{section.4.2}% 13
\BOOKMARK [2][-]{subsection.4.2.4}{\376\377\000I\000n\000d\000\351\000p\000e\000n\000d\000a\000n\000c\000e}{section.4.2}% 14
\BOOKMARK [2][-]{subsection.4.2.5}{\376\377\000T\000h\000\351\000o\000r\000\350\000m\000e\000\040\000d\000e\000s\000\040\000p\000r\000o\000b\000a\000b\000i\000l\000i\000t\000\351\000s\000\040\000t\000o\000t\000a\000l\000e\000s}{section.4.2}% 15
\BOOKMARK [2][-]{subsection.4.2.6}{\376\377\000R\000\350\000g\000l\000e\000\040\000d\000e\000\040\000B\000a\000y\000e\000s}{section.4.2}% 16
\BOOKMARK [1][-]{section.4.3}{\376\377\000V\000a\000r\000i\000a\000b\000l\000e\000\040\000a\000l\000\351\000a\000t\000o\000i\000r\000e}{chapter.4}% 17
\BOOKMARK [2][-]{subsection.4.3.1}{\376\377\000C\000o\000n\000c\000e\000p\000t\000\040\000d\000e\000\040\000v\000a\000r\000i\000a\000b\000l\000e\000\040\000a\000l\000\351\000a\000t\000o\000i\000r\000e}{section.4.3}% 18
\BOOKMARK [2][-]{subsection.4.3.2}{\376\377\000V\000a\000r\000i\000a\000b\000l\000e\000\040\000a\000l\000\351\000a\000t\000o\000i\000r\000e\000\040\000m\000e\000s\000u\000r\000a\000b\000l\000e}{section.4.3}% 19
\BOOKMARK [2][-]{subsection.4.3.3}{\376\377\000C\000a\000r\000a\000c\000t\000\351\000r\000i\000s\000t\000i\000q\000u\000e\000s\000\040\000d\000e\000s\000\040\000v\000a\000r\000i\000a\000b\000l\000e\000s\000\040\000a\000l\000\351\000a\000t\000o\000i\000r\000e\000s}{section.4.3}% 20
\BOOKMARK [3][-]{subsubsection*.3}{\376\377\000E\000s\000p\000\351\000r\000a\000n\000c\000e\000\040\000m\000a\000t\000h\000\351\000m\000a\000t\000i\000q\000u\000e\000\040\000d\040\031\000u\000n\000e\000\040\000v\000a\000r\000i\000a\000b\000l\000e\000\040\000a\000l\000\351\000a\000t\000o\000i\000r\000e}{subsection.4.3.3}% 21
\BOOKMARK [3][-]{subsubsection*.4}{\376\377\000M\000o\000m\000e\000n\000t\000\040\000d\040\031\000u\000n\000e\000\040\000f\000o\000n\000c\000t\000i\000o\000n\000\040\000d\040\031\000u\000n\000e\000\040\000v\000a\000r\000i\000a\000b\000l\000e\000\040\000a\000l\000\351\000a\000t\000o\000i\000r\000e}{subsection.4.3.3}% 22
\BOOKMARK [3][-]{subsubsection*.5}{\376\377\000V\000a\000r\000i\000a\000n\000c\000e\000\040\000d\040\031\000u\000n\000e\000\040\000v\000a\000r\000i\000a\000b\000l\000e\000\040\000a\000l\000\351\000a\000t\000o\000i\000r\000e}{subsection.4.3.3}% 23
\BOOKMARK [3][-]{subsubsection*.6}{\376\377\000M\000o\000m\000e\000n\000t\000s\000\040\000d\040\031\000o\000r\000d\000r\000e\000\040\000s\000u\000p\000\351\000r\000i\000e\000u\000r}{subsection.4.3.3}% 24
\BOOKMARK [0][-]{chapter.5}{\376\377\000E\000l\000e\000m\000e\000n\000t\000s\000\040\000d\000e\000\040\000s\000t\000a\000t\000i\000s\000t\000i\000q\000u\000e\000s}{}% 25
\BOOKMARK [1][-]{section.5.1}{\376\377\000E\000c\000h\000a\000n\000t\000i\000l\000l\000o\000n\000\040\000d\040\031\000u\000n\000e\000\040\000v\000a\000r\000i\000a\000b\000l\000e\000\040\000a\000l\000\351\000a\000t\000o\000i\000r\000e}{chapter.5}% 26
\BOOKMARK [2][-]{subsection.5.1.1}{\376\377\000D\000\351\000f\000i\000n\000i\000t\000i\000o\000n}{section.5.1}% 27
\BOOKMARK [2][-]{subsection.5.1.2}{\376\377\000S\000c\000h\000\351\000m\000a\000\040\000d\000e\000\040\000B\000e\000r\000n\000o\000u\000l\000l\000i\000\040\000e\000t\000\040\000m\000o\000d\000\350\000l\000e\000\040\000b\000i\000n\000o\000m\000i\000a\000l}{section.5.1}% 28
\BOOKMARK [2][-]{subsection.5.1.3}{\376\377\000M\000o\000y\000e\000n\000n\000e\000\040\000e\000t\000\040\000v\000a\000r\000i\000a\000n\000c\000e\000s\000\040\000e\000m\000p\000i\000r\000i\000q\000u\000e\000s\000\040\000d\040\031\000u\000n\000\040\000n\000-\000\351\000c\000h\000a\000n\000t\000i\000l\000l\000o\000n}{section.5.1}% 29
\BOOKMARK [2][-]{subsection.5.1.4}{\376\377\000E\000c\000h\000a\000n\000t\000i\000l\000l\000o\000n\000s\000\040\000d\000e\000\040\000v\000a\000r\000i\000a\000b\000l\000e\000s\000\040\000a\000l\000\351\000a\000t\000o\000i\000r\000e\000s\000\040\000n\000o\000r\000m\000a\000l\000e\000s}{section.5.1}% 30
\BOOKMARK [3][-]{subsubsection*.7}{\376\377\000E\000t\000u\000d\000e\000\040\000d\040\031\000u\000n\000\040\000n\000-\000\351\000c\000h\000a\000n\000t\000i\000l\000l\000o\000n}{subsection.5.1.4}% 31
\BOOKMARK [3][-]{subsubsection*.8}{\376\377\000E\000t\000u\000d\000e\000\040\000d\000e\000\040\000d\000e\000u\000x\000\040\000\351\000c\000h\000a\000n\000t\000i\000l\000l\000o\000n\000s\000\040\000i\000n\000d\000\351\000p\000e\000n\000d\000a\000n\000t\000s}{subsection.5.1.4}% 32
\BOOKMARK [1][-]{section.5.2}{\376\377\000L\000o\000i\000\040\000d\000e\000s\000\040\000g\000r\000a\000n\000d\000s\000\040\000n\000o\000m\000b\000r\000e\000s}{chapter.5}% 33
\BOOKMARK [2][-]{subsection.5.2.1}{\376\377\000I\000n\000\351\000g\000a\000l\000i\000t\000\351\000\040\000d\000e\000\040\000T\000c\000h\000e\000b\000y\000c\000h\000e\000v}{section.5.2}% 34
\BOOKMARK [2][-]{subsection.5.2.2}{\376\377\000P\000h\000\351\000n\000o\000m\000\350\000n\000e\000\040\000d\000e\000\040\000r\000\351\000g\000u\000l\000a\000r\000i\000t\000\351\000\040\000s\000t\000a\000t\000i\000s\000t\000i\000q\000u\000e}{section.5.2}% 35
\BOOKMARK [2][-]{subsection.5.2.3}{\376\377\000L\000o\000i\000\040\000f\000a\000i\000b\000l\000e\000\040\000d\000e\000s\000\040\000g\000r\000a\000n\000d\000s\000\040\000n\000o\000m\000b\000r\000e\000s}{section.5.2}% 36
\BOOKMARK [2][-]{subsection.5.2.4}{\376\377\000L\000o\000i\000\040\000f\000o\000r\000t\000e\000\040\000d\000e\000s\000\040\000g\000r\000a\000n\000d\000s\000\040\000n\000o\000m\000b\000r\000e\000s}{section.5.2}% 37
\BOOKMARK [1][-]{section.5.3}{\376\377\000A\000p\000p\000r\000o\000x\000i\000m\000a\000t\000i\000o\000n\000\040\000d\000e\000\040\000B\000\050\000n\000,\000p\000\051\000\040\000p\000a\000r\000\040\000l\000a\000\040\000l\000o\000i\000\040\000d\000e\000\040\000P\000o\000i\000s\000s\000o\000n\000\040\000P\000\050\000\051}{chapter.5}% 38
\BOOKMARK [2][-]{subsection.5.3.1}{\376\377\000T\000h\000\351\000o\000r\000\350\000m\000e\000\040\000d\040\031\000a\000n\000a\000l\000y\000s\000e}{section.5.3}% 39
\BOOKMARK [1][-]{section.5.4}{\376\377\000M\000o\000d\000\350\000l\000e\000s\000\040\000p\000r\000o\000b\000a\000b\000i\000l\000i\000s\000t\000e\000s\000\040\000u\000s\000u\000e\000l\000s}{chapter.5}% 40
\BOOKMARK [2][-]{subsection.5.4.1}{\376\377\000L\000o\000i\000s\000\040\000d\000i\000s\000c\000r\000\350\000t\000e\000s}{section.5.4}% 41
\BOOKMARK [3][-]{subsubsection*.9}{\376\377\000M\000o\000d\000\350\000l\000e\000\040\000d\000e\000\040\000B\000e\000r\000n\000o\000u\000l\000l\000i}{subsection.5.4.1}% 42
\BOOKMARK [3][-]{subsubsection*.10}{\376\377\000L\000o\000i\000\040\000b\000i\000n\000o\000m\000i\000a\000l\000e}{subsection.5.4.1}% 43
\BOOKMARK [3][-]{subsubsection*.11}{\376\377\000L\000o\000i\000\040\000h\000y\000p\000e\000r\000g\000\351\000o\000m\000\351\000t\000r\000i\000q\000u\000e}{subsection.5.4.1}% 44
\BOOKMARK [3][-]{subsubsection*.12}{\376\377\000D\000i\000s\000t\000r\000i\000b\000u\000t\000i\000o\000n\000\040\000d\000e\000\040\000P\000o\000i\000s\000s\000o\000n}{subsection.5.4.1}% 45
\BOOKMARK [2][-]{subsection.5.4.2}{\376\377\000L\000o\000i\000s\000\040\000a\000b\000s\000o\000l\000u\000m\000e\000n\000t\000\040\000c\000o\000n\000t\000i\000n\000u\000e\000s}{section.5.4}% 46
\BOOKMARK [3][-]{subsubsection*.13}{\376\377\000M\000o\000d\000\350\000l\000e\000\040\000u\000n\000i\000f\000o\000r\000m\000e}{subsection.5.4.2}% 47
\BOOKMARK [3][-]{subsubsection*.14}{\376\377\000L\000o\000i\000\040\000n\000o\000r\000m\000a\000l\000e}{subsection.5.4.2}% 48
\BOOKMARK [3][-]{subsubsection*.15}{\376\377\000L\000o\000i\000\040\000e\000x\000p\000o\000n\000e\000n\000t\000i\000e\000l\000l\000e}{subsection.5.4.2}% 49
\BOOKMARK [3][-]{subsubsection*.16}{\376\377\000D\000i\000s\000t\000r\000i\000b\000u\000t\000i\000o\000n\000\040\000G\000a\000m\000m\000a}{subsection.5.4.2}% 50
\BOOKMARK [3][-]{subsubsection*.17}{\376\377\000L\000o\000i\000\040\000d\000u\000\040\000K\000h\000i\000-\000d\000e\000u\000x}{subsection.5.4.2}% 51
\BOOKMARK [3][-]{subsubsection*.18}{\376\377\000L\000o\000i\000\040\000d\000e\000\040\000S\000t\000u\000d\000e\000n\000t}{subsection.5.4.2}% 52
\BOOKMARK [3][-]{subsubsection*.19}{\376\377\000L\000o\000i\000\040\000d\000e\000\040\000F\000i\000s\000h\000e\000r\000-\000S\000n\000\351\000d\000\351\000c\000o\000r}{subsection.5.4.2}% 53
\BOOKMARK [0][-]{chapter.6}{\376\377\000S\000t\000a\000t\000i\000s\000t\000i\000q\000u\000e\000\040\000d\000e\000s\000c\000r\000i\000p\000t\000i\000v\000e}{}% 54
\BOOKMARK [1][-]{section.6.1}{\376\377\000D\000\351\000f\000i\000n\000i\000t\000i\000o\000n\000s}{chapter.6}% 55
\BOOKMARK [2][-]{subsection.6.1.1}{\376\377\000T\000y\000p\000o\000l\000o\000g\000i\000e\000\040\000d\000e\000s\000\040\000v\000a\000r\000i\000a\000b\000l\000e\000s}{section.6.1}% 56
\BOOKMARK [2][-]{subsection.6.1.2}{\376\377\000V\000a\000r\000i\000a\000b\000l\000e\000\040\000q\000u\000a\000l\000i\000t\000a\000t\000i\000v\000e\000\040\000n\000o\000m\000i\000n\000a\000l\000e}{section.6.1}% 57
\BOOKMARK [2][-]{subsection.6.1.3}{\376\377\000V\000a\000r\000i\000a\000b\000l\000e\000\040\000q\000u\000a\000l\000i\000t\000a\000t\000i\000v\000e\000\040\000o\000r\000d\000i\000n\000a\000l\000e}{section.6.1}% 58
\BOOKMARK [2][-]{subsection.6.1.4}{\376\377\000V\000a\000r\000i\000a\000b\000l\000e\000\040\000q\000u\000a\000n\000t\000i\000t\000a\000t\000i\000v\000e\000\040\000d\000i\000s\000c\000r\000\350\000t\000e}{section.6.1}% 59
\BOOKMARK [2][-]{subsection.6.1.5}{\376\377\000V\000a\000r\000i\000a\000b\000l\000e\000\040\000q\000u\000a\000n\000t\000i\000t\000a\000t\000i\000v\000e\000\040\000c\000o\000n\000t\000i\000n\000u\000e}{section.6.1}% 60
\BOOKMARK [1][-]{section.6.2}{\376\377\000P\000r\000\351\000-\000t\000r\000a\000i\000t\000e\000m\000e\000n\000t\000\040\000d\000e\000s\000\040\000d\000o\000n\000n\000\351\000e\000s}{chapter.6}% 61
\BOOKMARK [2][-]{subsection.6.2.1}{\376\377\000P\000o\000i\000n\000t\000s\000\040\000a\000b\000e\000r\000r\000a\000n\000t\000s}{section.6.2}% 62
\BOOKMARK [2][-]{subsection.6.2.2}{\376\377\000D\000o\000n\000n\000\351\000e\000s\000\040\000m\000a\000n\000q\000u\000a\000n\000t\000e\000s}{section.6.2}% 63
\BOOKMARK [2][-]{subsection.6.2.3}{\376\377\000T\000r\000a\000n\000s\000f\000o\000r\000m\000a\000t\000i\000o\000n\000\040\000d\000e\000s\000\040\000d\000o\000n\000n\000\351\000e\000s\000\040\000q\000u\000a\000l\000i\000t\000a\000t\000i\000v\000e\000s}{section.6.2}% 64
\BOOKMARK [2][-]{subsection.6.2.4}{\376\377\000N\000o\000r\000m\000a\000l\000i\000s\000a\000t\000i\000o\000n}{section.6.2}% 65
\BOOKMARK [1][-]{section.6.3}{\376\377\000S\000t\000a\000t\000i\000s\000t\000i\000q\000u\000e\000\040\000d\000e\000s\000c\000r\000i\000p\000t\000i\000v\000e\000\040\000u\000n\000i\000v\000a\000r\000i\000\351\000e}{chapter.6}% 66
\BOOKMARK [2][-]{subsection.6.3.1}{\376\377\000P\000a\000r\000a\000m\000\350\000t\000r\000e\000s\000\040\000d\000e\000\040\000p\000o\000s\000i\000t\000i\000o\000n}{section.6.3}% 67
\BOOKMARK [2][-]{subsection.6.3.2}{\376\377\000P\000a\000r\000a\000m\000\350\000t\000r\000e\000s\000\040\000d\000e\000\040\000d\000i\000s\000p\000e\000r\000s\000i\000o\000n}{section.6.3}% 68
\BOOKMARK [2][-]{subsection.6.3.3}{\376\377\000P\000a\000r\000a\000m\000\350\000t\000r\000e\000s\000\040\000d\000e\000\040\000f\000o\000r\000m\000e}{section.6.3}% 69
\BOOKMARK [3][-]{subsubsection*.20}{\376\377\000P\000o\000u\000r\000\040\000r\000\351\000s\000u\000m\000e\000r}{subsection.6.3.3}% 70
\BOOKMARK [2][-]{subsection.6.3.4}{\376\377\000L\000a\000\040\000d\000e\000s\000c\000r\000i\000p\000t\000i\000o\000n\000\040\000n\000e\000\040\000f\000a\000i\000t\000\040\000p\000a\000s\000\040\000t\000o\000u\000t\040\046}{section.6.3}% 71
\BOOKMARK [1][-]{section.6.4}{\376\377\000S\000t\000a\000t\000i\000s\000t\000i\000q\000u\000e\000\040\000d\000e\000s\000c\000r\000i\000p\000t\000i\000v\000e\000\040\000b\000i\000v\000a\000r\000i\000\351\000e}{chapter.6}% 72
\BOOKMARK [2][-]{subsection.6.4.1}{\376\377\000C\000a\000s\000\040\000d\000e\000\040\000d\000e\000u\000x\000\040\000v\000a\000r\000i\000a\000b\000l\000e\000s\000\040\000q\000u\000a\000n\000t\000i\000t\000a\000t\000i\000v\000e\000s}{section.6.4}% 73
\BOOKMARK [2][-]{subsection.6.4.2}{\376\377\000C\000a\000s\000\040\000d\000e\000\040\000d\000e\000u\000x\000\040\000v\000a\000r\000i\000a\000b\000l\000e\000s\000\040\000q\000u\000a\000l\000i\000t\000a\000t\000i\000v\000e\000s}{section.6.4}% 74
\BOOKMARK [2][-]{subsection.6.4.3}{\376\377\000C\000a\000s\000\040\000d\040\031\000u\000n\000e\000\040\000v\000a\000r\000i\000a\000b\000l\000e\000\040\000q\000u\000a\000n\000t\000i\000t\000a\000t\000i\000v\000e\000\040\000e\000t\000\040\000d\040\031\000u\000n\000e\000\040\000v\000a\000r\000i\000a\000b\000l\000e\000\040\000q\000u\000a\000l\000i\000t\000a\000t\000i\000v\000e}{section.6.4}% 75
\BOOKMARK [1][-]{section.6.5}{\376\377\000V\000e\000r\000s\000\040\000u\000n\000e\000\040\000a\000n\000a\000l\000y\000s\000e\000\040\000m\000u\000l\000t\000i\000v\000a\000r\000i\000\351\000e}{chapter.6}% 76
\BOOKMARK [2][-]{subsection.6.5.1}{\376\377\000M\000a\000t\000r\000i\000c\000e\000s\000\040\000d\000e\000\040\000c\000o\000v\000a\000r\000i\000a\000n\000c\000e\000\040\000e\000t\000\040\000d\000e\000\040\000c\000o\000r\000r\000\351\000l\000a\000t\000i\000o\000n}{section.6.5}% 77
\BOOKMARK [2][-]{subsection.6.5.2}{\376\377\000T\000a\000b\000l\000e\000a\000u\000x\000\040\000d\000e\000\040\000n\000u\000a\000g\000e\000s}{section.6.5}% 78
\BOOKMARK [2][-]{subsection.6.5.3}{\376\377\000T\000a\000b\000l\000e\000a\000u\000x\000\040\000d\000e\000\040\000B\000u\000r\000t}{section.6.5}% 79
\BOOKMARK [0][-]{chapter.7}{\376\377\000S\000\351\000l\000e\000c\000t\000i\000o\000n\000\040\000d\000e\000\040\000v\000a\000r\000i\000a\000b\000l\000e\000s}{}% 80
\BOOKMARK [1][-]{section.7.1}{\376\377\000D\000\351\000f\000i\000n\000i\000t\000i\000o\000n\000s}{chapter.7}% 81
\BOOKMARK [1][-]{section.7.2}{\376\377\000C\000a\000r\000a\000c\000t\000\351\000r\000i\000s\000t\000i\000q\000u\000e\000s\000\040\000d\000e\000s\000\040\000m\000\351\000t\000h\000o\000d\000e\000s\000\040\000d\000e\000\040\000s\000\351\000l\000e\000c\000t\000i\000o\000n}{chapter.7}% 82
\BOOKMARK [2][-]{subsection.7.2.1}{\376\377\000I\000n\000i\000t\000i\000a\000l\000i\000s\000a\000t\000i\000o\000n}{section.7.2}% 83
\BOOKMARK [2][-]{subsection.7.2.2}{\376\377\000E\000x\000p\000l\000o\000r\000a\000t\000i\000o\000n\000\040\000d\000e\000s\000\040\000s\000o\000u\000s\000-\000e\000n\000s\000e\000m\000b\000l\000e\000s}{section.7.2}% 84
\BOOKMARK [2][-]{subsection.7.2.3}{\376\377\000E\000v\000a\000l\000u\000a\000t\000i\000o\000n\000\040\000d\000e\000s\000\040\000s\000o\000u\000s\000-\000e\000n\000s\000e\000m\000b\000l\000e\000s}{section.7.2}% 85
\BOOKMARK [3][-]{subsubsection*.21}{\376\377\000F\000i\000l\000t\000r\000e\000s}{subsection.7.2.3}% 86
\BOOKMARK [3][-]{subsubsection*.22}{\376\377\000M\000\351\000t\000h\000o\000d\000e\000s\000\040\000e\000n\000v\000e\000l\000o\000p\000p\000a\000n\000t\000e\000s}{subsection.7.2.3}% 87
\BOOKMARK [3][-]{subsubsection*.23}{\376\377\000M\000\351\000t\000h\000o\000d\000e\000s\000\040\000i\000n\000t\000\351\000g\000r\000\351\000e\000s}{subsection.7.2.3}% 88
\BOOKMARK [1][-]{section.7.3}{\376\377\000Q\000u\000e\000l\000q\000u\000e\000s\000\040\000m\000\351\000t\000h\000o\000d\000e\000s\000\040\000d\000e\000\040\000s\000\351\000l\000e\000c\000t\000i\000o\000n}{chapter.7}% 89
\BOOKMARK [2][-]{subsection.7.3.1}{\376\377\000S\000u\000p\000p\000r\000e\000s\000s\000i\000o\000n\000\040\000d\000e\000s\000\040\000d\000e\000s\000c\000r\000i\000p\000t\000e\000u\000r\000s\000\040\000\340\000\040\000v\000a\000r\000i\000a\000n\000c\000e\000\040\000f\000a\000i\000b\000l\000e}{section.7.3}% 90
\BOOKMARK [2][-]{subsection.7.3.2}{\376\377\000A\000l\000g\000o\000r\000i\000t\000h\000m\000e\000s\000\040\000d\000e\000\040\000s\000\351\000l\000e\000c\000t\000i\000o\000n\000\040\000s\000\351\000q\000u\000e\000n\000t\000i\000e\000l\000l\000e}{section.7.3}% 91
\BOOKMARK [2][-]{subsection.7.3.3}{\376\377\000A\000l\000g\000o\000r\000i\000t\000h\000m\000e\000\040\000F\000o\000c\000u\000s}{section.7.3}% 92
\BOOKMARK [2][-]{subsection.7.3.4}{\376\377\000A\000l\000g\000o\000r\000i\000t\000h\000m\000e\000\040\000r\000e\000l\000i\000e\000f}{section.7.3}% 93
\BOOKMARK [2][-]{subsection.7.3.5}{\376\377\000M\000\351\000t\000h\000o\000d\000e\000\040\000S\000A\000C}{section.7.3}% 94
\BOOKMARK [2][-]{subsection.7.3.6}{\376\377\000A\000l\000g\000o\000r\000i\000t\000h\000m\000e\000\040\000R\000F\000E}{section.7.3}% 95
\BOOKMARK [0][-]{chapter.8}{\376\377\000A\000n\000a\000l\000y\000s\000e\000\040\000e\000n\000\040\000c\000o\000m\000p\000o\000s\000a\000n\000t\000e\000s\000\040\000p\000r\000i\000n\000c\000i\000p\000a\000l\000e\000s}{}% 96
\BOOKMARK [1][-]{section.8.1}{\376\377\000P\000r\000i\000n\000c\000i\000p\000e\000\040\000d\000e\000\040\000l\000a\000\040\000m\000\351\000t\000h\000o\000d\000e}{chapter.8}% 97
\BOOKMARK [2][-]{subsection.8.1.1}{\376\377\000P\000r\000\351\000-\000t\000r\000a\000i\000t\000e\000m\000e\000n\000t\000\040\000d\000u\000\040\000t\000a\000b\000l\000e\000a\000u}{section.8.1}% 98
\BOOKMARK [3][-]{subsubsection*.24}{\376\377\000D\000o\000n\000n\000\351\000e\000s\000\040\000c\000e\000n\000t\000r\000\351\000e\000s}{subsection.8.1.1}% 99
\BOOKMARK [3][-]{subsubsection*.25}{\376\377\000D\000o\000n\000n\000\351\000e\000s\000\040\000r\000\351\000d\000u\000i\000t\000e\000s}{subsection.8.1.1}% 100
\BOOKMARK [2][-]{subsection.8.1.2}{\376\377\000P\000r\000o\000j\000e\000c\000t\000i\000o\000n\000\040\000d\000e\000s\000\040\000i\000n\000d\000i\000v\000i\000d\000u\000s\000\040\000s\000u\000r\000\040\000u\000n\000\040\000s\000o\000u\000s\000-\000e\000s\000p\000a\000c\000e}{section.8.1}% 101
\BOOKMARK [2][-]{subsection.8.1.3}{\376\377\000E\000l\000e\000m\000e\000n\000t\000s\000\040\000p\000r\000i\000n\000c\000i\000p\000a\000u\000x}{section.8.1}% 102
\BOOKMARK [2][-]{subsection.8.1.4}{\376\377\000A\000x\000e\000s\000\040\000p\000r\000i\000n\000c\000i\000p\000a\000u\000x}{section.8.1}% 103
\BOOKMARK [2][-]{subsection.8.1.5}{\376\377\000F\000a\000c\000t\000e\000u\000r\000s\000\040\000p\000r\000i\000n\000c\000i\000p\000a\000u\000x}{section.8.1}% 104
\BOOKMARK [2][-]{subsection.8.1.6}{\376\377\000C\000o\000m\000p\000o\000s\000a\000n\000t\000e\000s\000\040\000p\000r\000i\000n\000c\000i\000p\000a\000l\000e\000s}{section.8.1}% 105
\BOOKMARK [2][-]{subsection.8.1.7}{\376\377\000R\000e\000c\000o\000n\000s\000t\000i\000t\000u\000t\000i\000o\000n}{section.8.1}% 106
\BOOKMARK [1][-]{section.8.2}{\376\377\000I\000n\000t\000e\000r\000p\000r\000\351\000t\000a\000t\000i\000o\000n\000\040\000d\000e\000s\000\040\000r\000\351\000s\000u\000l\000t\000a\000t\000s}{chapter.8}% 107
\BOOKMARK [1][-]{section.8.3}{\376\377\000Q\000u\000e\000l\000l\000e\000\040\000d\000i\000m\000e\000n\000s\000i\000o\000n\000\040\000p\000o\000u\000r\000\040\000F\000k\000\040\000?}{chapter.8}% 108
\BOOKMARK [2][-]{subsection.8.3.1}{\376\377\000C\000r\000i\000t\000\350\000r\000e\000\040\000t\000h\000\351\000o\000r\000i\000q\000u\000e}{section.8.3}% 109
\BOOKMARK [2][-]{subsection.8.3.2}{\376\377\000P\000o\000u\000r\000c\000e\000n\000t\000a\000g\000e\000\040\000d\040\031\000i\000n\000e\000r\000t\000i\000e}{section.8.3}% 110
\BOOKMARK [2][-]{subsection.8.3.3}{\376\377\000M\000e\000s\000u\000r\000e\000s\000\040\000l\000o\000c\000a\000l\000e\000s}{section.8.3}% 111
\BOOKMARK [2][-]{subsection.8.3.4}{\376\377\000C\000r\000i\000t\000\350\000r\000e\000s\000\040\000e\000m\000p\000i\000r\000i\000q\000u\000e\000s}{section.8.3}% 112
\BOOKMARK [1][-]{section.8.4}{\376\377\000I\000n\000t\000e\000r\000p\000r\000\351\000t\000a\000t\000i\000o\000n\000\040\000d\000e\000s\000\040\000r\000\351\000s\000u\000l\000t\000a\000t\000s\000\040\000:\000\040\000e\000x\000e\000m\000p\000l\000e}{chapter.8}% 113
\BOOKMARK [2][-]{subsection.8.4.1}{\376\377\000C\000o\000r\000r\000\351\000l\000a\000t\000i\000o\000n\000\040\000v\000a\000r\000i\000a\000b\000l\000e\000s\000-\000f\000a\000c\000t\000e\000u\000r\000s}{section.8.4}% 114
\BOOKMARK [2][-]{subsection.8.4.2}{\376\377\000P\000o\000s\000i\000t\000i\000o\000n\000n\000e\000m\000e\000n\000t\000\040\000d\000e\000s\000\040\000i\000n\000d\000i\000v\000i\000d\000u\000s}{section.8.4}% 115
\BOOKMARK [2][-]{subsection.8.4.3}{\376\377\000F\000a\000c\000t\000e\000u\000r\000\040\000d\000e\000\040\000t\000a\000i\000l\000l\000e\000,\000\040\000f\000a\000c\000t\000e\000u\000r\000\040\000d\000e\000\040\000f\000o\000r\000m\000e}{section.8.4}% 116
\BOOKMARK [2][-]{subsection.8.4.4}{\376\377\000A\000j\000o\000u\000t\000\040\000d\000e\000\040\000v\000a\000r\000i\000a\000b\000l\000e\000\040\000e\000t\000\040\000o\000u\000\040\000d\040\031\000i\000n\000d\000i\000v\000i\000d\000u}{section.8.4}% 117
\BOOKMARK [1][-]{section.8.5}{\376\377\000P\000o\000u\000r\000\040\000r\000\351\000s\000u\000m\000e\000r}{chapter.8}% 118
\BOOKMARK [1][-]{section.8.6}{\376\377\000E\000x\000e\000m\000p\000l\000e}{chapter.8}% 119
\BOOKMARK [1][-]{section.8.7}{\376\377\000I\000m\000p\000l\000\351\000m\000e\000n\000t\000a\000t\000i\000o\000n}{chapter.8}% 120
\BOOKMARK [1][-]{section.8.8}{\376\377\000P\000r\000\351\000p\000a\000r\000a\000t\000i\000o\000n\000\040\000d\000e\000s\000\040\000d\000o\000n\000n\000\351\000e\000s}{chapter.8}% 121
\BOOKMARK [2][-]{subsection.8.8.1}{\376\377\000D\000o\000n\000n\000\351\000e\000s\000\040\000c\000e\000n\000t\000r\000\351\000e\000s}{section.8.8}% 122
\BOOKMARK [2][-]{subsection.8.8.2}{\376\377\000D\000o\000n\000n\000\351\000e\000s\000\040\000r\000\351\000d\000u\000i\000t\000e\000s}{section.8.8}% 123
\BOOKMARK [2][-]{subsection.8.8.3}{\376\377\000I\000n\000e\000r\000t\000i\000e\000\040\000d\000u\000\040\000n\000u\000a\000g\000e\000\040\000d\000e\000\040\000p\000o\000i\000n\000t\000s}{section.8.8}% 124
\BOOKMARK [1][-]{section.8.9}{\376\377\000A\000n\000a\000l\000y\000s\000e\000\040\000s\000p\000e\000c\000t\000r\000a\000l\000e}{chapter.8}% 125
\BOOKMARK [2][-]{subsection.8.9.1}{\376\377\000C\000a\000l\000c\000u\000l\000\040\000d\000e\000s\000\040\000c\000o\000m\000p\000o\000s\000a\000n\000t\000e\000s\000\040\000p\000r\000i\000n\000c\000i\000p\000a\000l\000e\000s}{section.8.9}% 126
\BOOKMARK [2][-]{subsection.8.9.2}{\376\377\000P\000o\000u\000r\000c\000e\000n\000t\000a\000g\000e\000\040\000d\040\031\000i\000n\000e\000r\000t\000i\000e\000\040\000e\000x\000p\000l\000i\000q\000u\000\351\000e\000\040\000p\000a\000r\000\040\000u\000n\000\040\000a\000x\000e}{section.8.9}% 127
\BOOKMARK [2][-]{subsection.8.9.3}{\376\377\000C\000r\000i\000t\000\350\000r\000e\000\040\000d\000e\000\040\000K\000a\000i\000s\000e\000r}{section.8.9}% 128
\BOOKMARK [1][-]{section.8.10}{\376\377\000A\000n\000a\000l\000y\000s\000e\000\040\000d\000e\000s\000\040\000r\000\351\000s\000u\000l\000t\000a\000t\000s}{chapter.8}% 129
\BOOKMARK [2][-]{subsection.8.10.1}{\376\377\000C\000o\000r\000r\000\351\000l\000a\000t\000i\000o\000n\000\040\000v\000a\000r\000i\000a\000b\000l\000e\000s\000/\000f\000a\000c\000t\000e\000u\000r\000s}{section.8.10}% 130
\BOOKMARK [2][-]{subsection.8.10.2}{\376\377\000C\000e\000r\000c\000l\000e\000\040\000d\000e\000s\000\040\000c\000o\000r\000r\000\351\000l\000a\000t\000i\000o\000n\000s\000\040\000p\000o\000u\000r\000\040\000u\000n\000\040\000c\000o\000u\000p\000l\000e\000\040\000d\000e\000\040\000c\000o\000m\000p\000o\000s\000a\000n\000t\000e\000s\000\040\000p\000r\000i\000n\000c\000i\000p\000a\000l\000e\000s}{section.8.10}% 131
\BOOKMARK [2][-]{subsection.8.10.3}{\376\377\000C\000o\000n\000t\000r\000i\000b\000u\000t\000i\000o\000n\000\040\000d\000e\000s\000\040\000v\000a\000r\000i\000a\000b\000l\000e\000s}{section.8.10}% 132
\BOOKMARK [2][-]{subsection.8.10.4}{\376\377\000R\000e\000p\000r\000\351\000s\000e\000n\000t\000a\000t\000i\000o\000n\000\040\000d\000e\000s\000\040\000i\000n\000d\000i\000v\000i\000d\000u\000s}{section.8.10}% 133
\BOOKMARK [2][-]{subsection.8.10.5}{\376\377\000C\000o\000n\000t\000r\000i\000b\000u\000t\000i\000o\000n\000\040\000d\000e\000s\000\040\000i\000n\000d\000i\000v\000i\000d\000u\000s}{section.8.10}% 134
\BOOKMARK [2][-]{subsection.8.10.6}{\376\377\000T\000a\000b\000l\000e\000a\000u\000\040\000d\000e\000s\000\040\000c\000o\000s\000i\000n\000u\000s\000\040\000c\000a\000r\000r\000\351\000s}{section.8.10}% 135
\BOOKMARK [0][-]{chapter.9}{\376\377\000R\000\351\000g\000r\000e\000s\000s\000i\000o\000n}{}% 136
\BOOKMARK [1][-]{section.9.1}{\376\377\000R\000\351\000g\000r\000e\000s\000s\000i\000o\000n\000\040\000s\000i\000m\000p\000l\000e}{chapter.9}% 137
\BOOKMARK [2][-]{subsection.9.1.1}{\376\377\000M\000o\000d\000\350\000l\000e\000\040\000t\000h\000\351\000o\000r\000i\000q\000u\000e}{section.9.1}% 138
\BOOKMARK [2][-]{subsection.9.1.2}{\376\377\000A\000j\000u\000s\000t\000e\000m\000e\000n\000t\000\040\000a\000u\000x\000\040\000d\000o\000n\000n\000\351\000e\000s}{section.9.1}% 139
\BOOKMARK [1][-]{section.9.2}{\376\377\000R\000\351\000g\000r\000e\000s\000s\000i\000o\000n\000\040\000m\000u\000l\000t\000i\000p\000l\000e}{chapter.9}% 140
\BOOKMARK [2][-]{subsection.9.2.1}{\376\377\000A\000j\000u\000s\000t\000e\000m\000e\000n\000t\000\040\000l\000i\000n\000\351\000a\000i\000r\000e\000\040\000d\040\031\000u\000n\000\040\000e\000n\000s\000e\000m\000b\000l\000e\000\040\000d\040\031\000o\000b\000s\000e\000r\000v\000a\000t\000i\000o\000n\000s}{section.9.2}% 141
